<?xml version="1.0" encoding="UTF-8"?>
<testsuites name="jest tests" tests="4" failures="0" errors="0" time="2.725">
  <testsuite name="API tests OZ.by" errors="0" failures="0" skipped="0" timestamp="2023-04-26T15:43:51" time="2.486" tests="4">
    <testcase classname="API tests OZ.by 1 - first-get-response: status code should be 200, when add good in cart" name="API tests OZ.by 1 - first-get-response: status code should be 200, when add good in cart" time="0.462">
    </testcase>
    <testcase classname="API tests OZ.by 2 - first get-response json schema should be valid" name="API tests OZ.by 2 - first get-response json schema should be valid" time="0.408">
    </testcase>
    <testcase classname="API tests OZ.by 3 - post-response status code should be 200, when login" name="API tests OZ.by 3 - post-response status code should be 200, when login" time="0.116">
    </testcase>
    <testcase classname="API tests OZ.by 4 - Second-get-response: status code should be 200, when go by link of top nav menu" name="API tests OZ.by 4 - Second-get-response: status code should be 200, when go by link of top nav menu" time="0.576">
    </testcase>
  </testsuite>
</testsuites>