<?xml version="1.0" encoding="UTF-8"?>
<testsuites name="jest tests" tests="4" failures="0" errors="0" time="2.009">
  <testsuite name="API tests OZ.by" errors="0" failures="0" skipped="0" timestamp="2023-04-26T19:09:48" time="1.783" tests="4">
    <testcase classname="API tests OZ.by 1 - post-response status code should be 200, when login" name="API tests OZ.by 1 - post-response status code should be 200, when login" time="0.348">
    </testcase>
    <testcase classname="API tests OZ.by 2 - get-response: status code should be 200, when go by link of top nav menu" name="API tests OZ.by 2 - get-response: status code should be 200, when go by link of top nav menu" time="0.584">
    </testcase>
    <testcase classname="API tests OZ.by 3 - check get-response and its json schema, when add product in cart 3.1 - status code should be 200" name="API tests OZ.by 3 - check get-response and its json schema, when add product in cart 3.1 - status code should be 200" time="0.001">
    </testcase>
    <testcase classname="API tests OZ.by 3 - check get-response and its json schema, when add product in cart 3.2 - json schema should be valid" name="API tests OZ.by 3 - check get-response and its json schema, when add product in cart 3.2 - json schema should be valid" time="0.009">
    </testcase>
  </testsuite>
</testsuites>